#
# There is insufficient memory for the Java Runtime Environment to continue.
# Native memory allocation (mmap) failed to map 132120576 bytes for Failed to commit area from 0x0000000082400000 to 0x000000008a200000 of length 132120576.
# Possible reasons:
#   The system is out of physical RAM or swap space
#   The process is running with CompressedOops enabled, and the Java Heap may be blocking the growth of the native heap
# Possible solutions:
#   Reduce memory load on the system
#   Increase physical memory or swap space
#   Check if swap backing store is full
#   Decrease Java heap size (-Xmx/-Xms)
#   Decrease number of Java threads
#   Decrease Java thread stack sizes (-Xss)
#   Set larger code cache with -XX:ReservedCodeCacheSize=
# This output file may be truncated or incomplete.
#
#  Out of Memory Error (t:/workspace/open/src/hotspot/os/windows/os_windows.cpp:3301), pid=10252, tid=45664
#
# JRE version:  (13.0+33) (build )
# Java VM: Java HotSpot(TM) 64-Bit Server VM (13+33, mixed mode, aot, sharing, tiered, compressed oops, g1 gc, windows-amd64)
# No core dump will be written. Minidumps are not enabled by default on client versions of Windows
#

---------------  S U M M A R Y ------------

Command Line: -Dfile.encoding=Cp1252 --module-path=C:\Users\olatunem\OneDrive - Seton Hall University\Extraneous\JAVA WORKSPACE\Java Workspace\Dining_Philosophers\bin -Djdk.module.main=Dining_Philosophers Dining_Philosophers/TimeToEat.DiningHall

Host: Intel(R) Core(TM) i5-8250U CPU @ 1.60GHz, 8 cores, 7G,  Windows 10 , 64 bit Build 17763 (10.0.17763.475)
Time: Thu Dec 12 01:16:02 2019 Eastern Standard Time elapsed time: 0 seconds (0d 0h 0m 0s)

---------------  T H R E A D  ---------------

Current thread (0x000001d54c8dc800):  JavaThread "Unknown thread" [_thread_in_vm, id=45664, stack(0x000000b6aca00000,0x000000b6acb00000)]

Stack: [0x000000b6aca00000,0x000000b6acb00000]
Native frames: (J=compiled Java code, j=interpreted, Vv=VM code, C=native code)
V  [jvm.dll+0x626eaa]
V  [jvm.dll+0x772c4a]
V  [jvm.dll+0x7743ff]
V  [jvm.dll+0x774a03]
V  [jvm.dll+0x24da38]
V  [jvm.dll+0x62436a]
V  [jvm.dll+0x618f55]
V  [jvm.dll+0x30c5fc]
V  [jvm.dll+0x30c432]
V  [jvm.dll+0x311ba6]
V  [jvm.dll+0x355cc6]
V  [jvm.dll+0x3554a0]
V  [jvm.dll+0x2e727a]
V  [jvm.dll+0x2e8512]
V  [jvm.dll+0x74fcb8]
V  [jvm.dll+0x363719]
V  [jvm.dll+0x732da5]
V  [jvm.dll+0x3ce2cf]
V  [jvm.dll+0x3d05f1]
C  [jli.dll+0x51ff]
C  [ucrtbase.dll+0x21ffa]
C  [KERNEL32.DLL+0x17974]
C  [ntdll.dll+0x6a271]


---------------  P R O C E S S  ---------------

Threads class SMR info:
_java_thread_list=0x00007ffed0b146b8, length=0, elements={
}

Java Threads: ( => current thread )

Other Threads:
  0x000001d54c91f000 GCTaskThread "GC Thread#0" [stack: 0x000000b6acc00000,0x000000b6acd00000] [id=38376]
  0x000001d54c930800 ConcurrentGCThread "G1 Main Marker" [stack: 0x000000b6acd00000,0x000000b6ace00000] [id=44488]
  0x000001d54c932000 ConcurrentGCThread "G1 Conc#0" [stack: 0x000000b6ace00000,0x000000b6acf00000] [id=38300]

[error occurred during error reporting (printing all threads), id 0xc0000005, EXCEPTION_ACCESS_VIOLATION (0xc0000005) at pc=0x00007ffed0346f47]

VM state:not at safepoint (not fully initialized)

VM Mutex/Monitor currently owned by a thread:  ([mutex/lock_event])
[0x000001d54c8d7ef0] Heap_lock - owner thread: 0x000001d54c8dc800

Heap address: 0x0000000082400000, size: 2012 MB, Compressed Oops mode: Non-zero based: 0x0000000082400000
Narrow klass base: 0x0000000000000000, Narrow klass shift: 0

GC Heap History (0 events):
No events

Deoptimization events (0 events):
No events

Classes unloaded (0 events):
No events

Classes redefined (0 events):
No events

Internal exceptions (0 events):
No events

Events (8 events):
Event: 0.094 Loaded shared library C:\Program Files\Java\jdk-13\bin\zip.dll
Event: 0.095 Loaded shared library C:\Program Files\Java\jdk-13\bin\jimage.dll
Event: 0.097 Loading shared library C:\Program Files\Java\jdk-13\lib\libjava.base-coop.dll failed, error code 126
Event: 0.097 Loading shared library C:\Program Files\Java\jdk-13\lib\libjava.logging-coop.dll failed, error code 126
Event: 0.097 Loading shared library C:\Program Files\Java\jdk-13\lib\libjdk.compiler-coop.dll failed, error code 126
Event: 0.097 Loading shared library C:\Program Files\Java\jdk-13\lib\libjdk.scripting.nashorn-coop.dll failed, error code 126
Event: 0.097 Loading shared library C:\Program Files\Java\jdk-13\lib\libjdk.internal.vm.ci-coop.dll failed, error code 126
Event: 0.097 Loading shared library C:\Program Files\Java\jdk-13\lib\libjdk.internal.vm.compiler-coop.dll failed, error code 126


Dynamic libraries:
0x00007ff618170000 - 0x00007ff61817f000 	C:\Program Files\Java\jdk-13\bin\javaw.exe
0x00007fff3c790000 - 0x00007fff3c97d000 	C:\windows\SYSTEM32\ntdll.dll
0x00007fff3bb10000 - 0x00007fff3bbc3000 	C:\windows\System32\KERNEL32.DLL
0x00007fff39670000 - 0x00007fff39903000 	C:\windows\System32\KERNELBASE.dll
0x00007fff38b70000 - 0x00007fff38c6a000 	C:\windows\System32\ucrtbase.dll
0x00007fff1a9a0000 - 0x00007fff1a9b8000 	C:\Program Files\Java\jdk-13\bin\jli.dll
0x00007fff3c0b0000 - 0x00007fff3c153000 	C:\windows\System32\ADVAPI32.dll
0x00007fff39bf0000 - 0x00007fff39c8e000 	C:\windows\System32\msvcrt.dll
0x00007fff3b710000 - 0x00007fff3b7ae000 	C:\windows\System32\sechost.dll
0x00007fff3c300000 - 0x00007fff3c422000 	C:\windows\System32\RPCRT4.dll
0x00007fff3c160000 - 0x00007fff3c2f7000 	C:\windows\System32\USER32.dll
0x00007fff38a80000 - 0x00007fff38aa0000 	C:\windows\System32\win32u.dll
0x00007fff3b590000 - 0x00007fff3b5b9000 	C:\windows\System32\GDI32.dll
0x00007fff394d0000 - 0x00007fff39669000 	C:\windows\System32\gdi32full.dll
0x00007fff39910000 - 0x00007fff399b0000 	C:\windows\System32\msvcp_win.dll
0x00007fff1ae80000 - 0x00007fff1ae95000 	C:\Program Files\Java\jdk-13\bin\VCRUNTIME140.dll
0x00007fff23cd0000 - 0x00007fff23f49000 	C:\windows\WinSxS\amd64_microsoft.windows.common-controls_6595b64144ccf1df_6.0.17763.864_none_05b3441807210760\COMCTL32.dll
0x00007fff3c430000 - 0x00007fff3c75c000 	C:\windows\System32\combase.dll
0x00007fff38aa0000 - 0x00007fff38b1e000 	C:\windows\System32\bcryptPrimitives.dll
0x00007fff31740000 - 0x00007fff3174a000 	C:\windows\SYSTEM32\VERSION.dll
0x00007fff3b3d0000 - 0x00007fff3b3fe000 	C:\windows\System32\IMM32.DLL
0x00007ffef97c0000 - 0x00007ffef985b000 	C:\Program Files\Java\jdk-13\bin\msvcp140.dll
0x00007ffed0050000 - 0x00007ffed0bb6000 	C:\Program Files\Java\jdk-13\bin\server\jvm.dll
0x00007fff399b0000 - 0x00007fff399b8000 	C:\windows\System32\PSAPI.DLL
0x00007fff1b080000 - 0x00007fff1b089000 	C:\windows\SYSTEM32\WSOCK32.dll
0x00007fff3b690000 - 0x00007fff3b6fd000 	C:\windows\System32\WS2_32.dll
0x00007fff31830000 - 0x00007fff31854000 	C:\windows\SYSTEM32\WINMM.dll
0x00007fff31800000 - 0x00007fff3182d000 	C:\windows\SYSTEM32\WINMMBASE.dll
0x00007fff38a30000 - 0x00007fff38a7a000 	C:\windows\System32\cfgmgr32.dll
0x00007fff387a0000 - 0x00007fff387b1000 	C:\windows\System32\kernel.appcore.dll
0x00007fff31ed0000 - 0x00007fff31ee0000 	C:\Program Files\Java\jdk-13\bin\verify.dll
0x00007fff37130000 - 0x00007fff3731d000 	C:\windows\SYSTEM32\DBGHELP.DLL
0x00007fff22430000 - 0x00007fff2245a000 	C:\windows\SYSTEM32\dbgcore.DLL
0x00007fff1ab40000 - 0x00007fff1ab66000 	C:\Program Files\Java\jdk-13\bin\java.dll
0x00007fff30eb0000 - 0x00007fff30ec7000 	C:\Program Files\Java\jdk-13\bin\zip.dll
0x00007fff31ec0000 - 0x00007fff31eca000 	C:\Program Files\Java\jdk-13\bin\jimage.dll

dbghelp: loaded successfully - version: 4.0.5 - missing functions: none
symbol engine: initialized successfully - sym options: 0x614 - pdb path: .;C:\Program Files\Java\jdk-13\bin;C:\windows\SYSTEM32;C:\windows\WinSxS\amd64_microsoft.windows.common-controls_6595b64144ccf1df_6.0.17763.864_none_05b3441807210760;C:\Program Files\Java\jdk-13\bin\server

VM Arguments:
jvm_args: -Dfile.encoding=Cp1252 --module-path=C:\Users\olatunem\OneDrive - Seton Hall University\Extraneous\JAVA WORKSPACE\Java Workspace\Dining_Philosophers\bin -Djdk.module.main=Dining_Philosophers 
java_command: Dining_Philosophers/TimeToEat.DiningHall
java_class_path (initial): <not set>
Launcher Type: SUN_STANDARD

[Global flags]
     intx CICompilerCount                          = 4                                         {product} {ergonomic}
     uint ConcGCThreads                            = 2                                         {product} {ergonomic}
     uint G1ConcRefinementThreads                  = 8                                         {product} {ergonomic}
   size_t G1HeapRegionSize                         = 1048576                                   {product} {ergonomic}
    uintx GCDrainStackTargetSize                   = 64                                        {product} {ergonomic}
   size_t InitialHeapSize                          = 132120576                                 {product} {ergonomic}
   size_t MarkStackSize                            = 4194304                                   {product} {ergonomic}
   size_t MaxHeapSize                              = 2109734912                                {product} {ergonomic}
   size_t MinHeapDeltaBytes                        = 1048576                                   {product} {ergonomic}
   size_t MinHeapSize                              = 8388608                                   {product} {ergonomic}
    uintx NonNMethodCodeHeapSize                   = 5836300                                {pd product} {ergonomic}
    uintx NonProfiledCodeHeapSize                  = 122910970                              {pd product} {ergonomic}
    uintx ProfiledCodeHeapSize                     = 122910970                              {pd product} {ergonomic}
    uintx ReservedCodeCacheSize                    = 251658240                              {pd product} {ergonomic}
     bool SegmentedCodeCache                       = true                                      {product} {ergonomic}
   size_t SoftMaxHeapSize                          = 2109734912                             {manageable} {ergonomic}
     bool UseCompressedClassPointers               = true                                 {lp64_product} {ergonomic}
     bool UseCompressedOops                        = true                                 {lp64_product} {ergonomic}
     bool UseG1GC                                  = true                                      {product} {ergonomic}
     bool UseLargePagesIndividualAllocation        = false                                  {pd product} {ergonomic}

Logging:
Log output configuration:
 #0: stdout all=warning uptime,level,tags
 #1: stderr all=off uptime,level,tags

Environment Variables:
PATH=C:/Program Files/Java/jdk-13/bin/server;C:/Program Files/Java/jdk-13/bin;C:\windows\system32;C:\windows;C:\windows\System32\Wbem;C:\windows\System32\WindowsPowerShell\v1.0\;C:\windows\System32\OpenSSH\;C:\Program Files (x86)\PharosSystems\Core;C:\Program Files\Intel\WiFi\bin\;C:\Program Files\Common Files\Intel\WirelessCommon\;C:\Program Files (x86)\Intel\Intel(R) Management Engine Components\DAL;C:\Program Files\Intel\Intel(R) Management Engine Components\DAL;C:\Users\olatunem\AppData\Local\Microsoft\WindowsApps;C:\Users\olatunem\AppData\Local\GitHubDesktop\bin;C:\Users\olatunem\AppData\Local\atom\bin;C:\Users\olatunem\OneDrive - Seton Hall University\Desktop;
USERNAME=olatunem
OS=Windows_NT
PROCESSOR_IDENTIFIER=Intel64 Family 6 Model 142 Stepping 10, GenuineIntel



---------------  S Y S T E M  ---------------

OS: Windows 10 , 64 bit Build 17763 (10.0.17763.475)

CPU:total 8 (initial active 8) (4 cores per cpu, 2 threads per core) family 6 model 142 stepping 10, cmov, cx8, fxsr, mmx, sse, sse2, sse3, ssse3, sse4.1, sse4.2, popcnt, avx, avx2, aes, clmul, erms, 3dnowpref, lzcnt, ht, tsc, tscinvbit, bmi1, bmi2, adx, fma

Memory: 4k page, system-wide physical 8042M (400M free)
TotalPageFile size 32618M (AvailPageFile size 119M)
current process WorkingSet (physical memory assigned to process): 10M, peak: 10M
current process commit charge ("private bytes"): 60M, peak: 186M

vm_info: Java HotSpot(TM) 64-Bit Server VM (13+33) for windows-amd64 JRE (13+33), built on Sep 18 2019 21:38:00 by "mach5one" with unknown MS VC++:1916

END.
